

[INFO ] 2016-11-24 18:21:52,935 method:org.springframework.web.servlet.FrameworkServlet.initServletBean(FrameworkServlet.java:489)
FrameworkServlet 'e3-search-web': initialization started


[INFO ] 2016-11-24 18:21:52,953 method:org.springframework.context.support.AbstractApplicationContext.prepareRefresh(AbstractApplicationContext.java:578)
Refreshing WebApplicationContext for namespace 'e3-search-web-servlet': startup date [Thu Nov 24 18:21:52 CST 2016]; root of context hierarchy


[INFO ] 2016-11-24 18:21:52,992 method:org.springframework.beans.factory.xml.XmlBeanDefinitionReader.loadBeanDefinitions(XmlBeanDefinitionReader.java:317)
Loading XML bean definitions from class path resource [spring/springmvc.xml]


[INFO ] 2016-11-24 18:21:53,320 method:
using logger: com.alibaba.dubbo.common.logger.log4j.Log4jLoggerAdapter


[INFO ] 2016-11-24 18:21:53,435 method:org.springframework.core.io.support.PropertiesLoaderSupport.loadProperties(PropertiesLoaderSupport.java:172)
Loading properties file from class path resource [conf/resource.properties]


[INFO ] 2016-11-24 18:21:53,439 method:org.springframework.beans.factory.annotation.AutowiredAnnotationBeanPostProcessor.<init>(AutowiredAnnotationBeanPostProcessor.java:153)
JSR-330 'javax.inject.Inject' annotation found and supported for autowiring


[INFO ] 2016-11-24 18:21:53,761 method:com.alibaba.dubbo.registry.support.AbstractRegistry.loadProperties(AbstractRegistry.java:232)
 [DUBBO] Load registry store file C:\Users\Administrator\.dubbo\dubbo-registry-192.168.25.160.cache, data: {cn.e3mall.content.service.ContentCategoryService=empty://10.254.7.182:20881/cn.e3mall.content.service.ContentCategoryService?anyhost=true&application=e3-content&category=configurators&check=false&dubbo=2.5.3&interface=cn.e3mall.content.service.ContentCategoryService&methods=getContentCatList,addContentCategory&pid=9628&side=provider&timeout=600000&timestamp=1479982673788, cn.e3mall.content.service.ContentService=dubbo://10.254.7.182:20881/cn.e3mall.content.service.ContentService?anyhost=true&application=e3-content&dubbo=2.5.3&interface=cn.e3mall.content.service.ContentService&methods=addContent,getContentListByCid&pid=9628&side=provider&timeout=600000&timestamp=1479982674408 empty://10.254.7.182/cn.e3mall.content.service.ContentService?application=e3-portal-web&category=configurators&dubbo=2.5.3&interface=cn.e3mall.content.service.ContentService&methods=addContent,getContentListByCid&pid=9764&revision=0.0.1-SNAPSHOT&side=consumer&timestamp=1479982678821 empty://10.254.7.182/cn.e3mall.content.service.ContentService?application=e3-portal-web&category=routers&dubbo=2.5.3&interface=cn.e3mall.content.service.ContentService&methods=addContent,getContentListByCid&pid=9764&revision=0.0.1-SNAPSHOT&side=consumer&timestamp=1479982678821, cn.e3mall.search.service.SearchItemService=empty://10.254.7.182:20882/cn.e3mall.search.service.SearchItemService?anyhost=true&application=e3-search&category=configurators&check=false&dubbo=2.5.3&interface=cn.e3mall.search.service.SearchItemService&methods=importAllItems&pid=10064&side=provider&timeout=600000&timestamp=1479982675673, cn.e3mall.service.ItemService=empty://10.254.7.182:20880/cn.e3mall.service.ItemService?anyhost=true&application=e3-manager&category=configurators&check=false&dubbo=2.5.3&interface=cn.e3mall.service.ItemService&methods=getItemList,addItem,getItemById&pid=9964&side=provider&timeout=600000&timestamp=1479982674337, cn.e3mall.service.ItemCatService=empty://10.254.7.182:20880/cn.e3mall.service.ItemCatService?anyhost=true&application=e3-manager&category=configurators&check=false&dubbo=2.5.3&interface=cn.e3mall.service.ItemCatService&methods=getItemCatlist&pid=9964&side=provider&timeout=600000&timestamp=1479982674888, cn.e3mall.search.service.SearchService=dubbo://10.254.7.182:20882/cn.e3mall.search.service.SearchService?anyhost=true&application=e3-search&dubbo=2.5.3&interface=cn.e3mall.search.service.SearchService&methods=search&pid=10064&side=provider&timeout=600000&timestamp=1479982676280 empty://10.254.7.182/cn.e3mall.search.service.SearchService?application=e3-search-web&category=configurators&dubbo=2.5.3&interface=cn.e3mall.search.service.SearchService&methods=search&pid=5972&revision=0.0.1-SNAPSHOT&side=consumer&timestamp=1479982896225 empty://10.254.7.182/cn.e3mall.search.service.SearchService?application=e3-search-web&category=routers&dubbo=2.5.3&interface=cn.e3mall.search.service.SearchService&methods=search&pid=5972&revision=0.0.1-SNAPSHOT&side=consumer&timestamp=1479982896225}, dubbo version: 2.5.3, current host: 127.0.0.1


[INFO ] 2016-11-24 18:21:53,773 method:org.I0Itec.zkclient.ZkEventThread.run(ZkEventThread.java:64)
Starting ZkClient event thread.


[INFO ] 2016-11-24 18:21:53,787 method:org.apache.zookeeper.Environment.logEnv(Environment.java:100)
Client environment:zookeeper.version=3.4.7-1713338, built on 11/09/2015 04:32 GMT


[INFO ] 2016-11-24 18:21:53,787 method:org.apache.zookeeper.Environment.logEnv(Environment.java:100)
Client environment:host.name=PC-201311301552


[INFO ] 2016-11-24 18:21:53,787 method:org.apache.zookeeper.Environment.logEnv(Environment.java:100)
Client environment:java.version=1.7.0_72


[INFO ] 2016-11-24 18:21:53,787 method:org.apache.zookeeper.Environment.logEnv(Environment.java:100)
Client environment:java.vendor=Oracle Corporation


[INFO ] 2016-11-24 18:21:53,787 method:org.apache.zookeeper.Environment.logEnv(Environment.java:100)
Client environment:java.home=C:\Program Files (x86)\Java\jdk1.7.0_72\jre


[INFO ] 2016-11-24 18:21:53,788 method:org.apache.zookeeper.Environment.logEnv(Environment.java:100)
Client environment:java.class.path=D:\temp\apache-maven-3.3.9\boot\plexus-classworlds-2.5.2.jar


[INFO ] 2016-11-24 18:21:53,788 method:org.apache.zookeeper.Environment.logEnv(Environment.java:100)
Client environment:java.library.path=C:\Program Files (x86)\Java\jdk1.7.0_72\bin;C:\Windows\Sun\Java\bin;C:\Windows\system32;C:\Windows;C:/Program Files (x86)/Java/jdk1.7.0_72/bin/../jre/bin/client;C:/Program Files (x86)/Java/jdk1.7.0_72/bin/../jre/bin;C:/Program Files (x86)/Java/jdk1.7.0_72/bin/../jre/lib/i386;C:\Program Files\MySQL\MySQL Server 5.6\bin\;D:\temp\apache-maven-3.3.9\bin;C:\Program Files (x86)\Java\jdk1.7.0_72\bin;C:\Program Files (x86)\Common Files\NetSarang;C:\Python34;%CXF_HOME%\bin;C:\Windows\system32;C:\Windows;C:\Windows\System32\Wbem;C:\Windows\System32\WindowsPowerShell\v1.0\;C:\Program Files\ThinkPad\Bluetooth Software\;C:\Program Files\ThinkPad\Bluetooth Software\syswow64;C:\Program Files\Broadcom\WHL\;C:\Program Files\Broadcom\WHL\syswow64;C:\Program Files\Broadcom\WHL\SysWow64\;C:\Program Files\Broadcom\WHL\SysWow64\syswow64;C:\Program Files (x86)\Lenovo\Access Connections\;C:\Program Files (x86)\VanDyke Software\Clients\;C:\Program Files (x86)\VisualSVN Server\bin;C:\Program Files\TortoiseSVN\bin;C:\Python27;E:\Elsa\gradle\gradle-2.14.1-all\gradle-2.14.1\bin;C:\Program Files\nodejs\;C:\Users\Administrator\AppData\Local\Programs\Python\Python35\Scripts\;C:\Users\Administrator\AppData\Local\Programs\Python\Python35\;C:\Program Files (x86)\VanDyke Software\Clients\;C:\Users\Administrator\AppData\Roaming\npm;C:\eclipse-mars-2;;.


[INFO ] 2016-11-24 18:21:53,788 method:org.apache.zookeeper.Environment.logEnv(Environment.java:100)
Client environment:java.io.tmpdir=C:\Users\ADMINI~1\AppData\Local\Temp\


[INFO ] 2016-11-24 18:21:53,788 method:org.apache.zookeeper.Environment.logEnv(Environment.java:100)
Client environment:java.compiler=<NA>


[INFO ] 2016-11-24 18:21:53,789 method:org.apache.zookeeper.Environment.logEnv(Environment.java:100)
Client environment:os.name=Windows 7


[INFO ] 2016-11-24 18:21:53,789 method:org.apache.zookeeper.Environment.logEnv(Environment.java:100)
Client environment:os.arch=x86


[INFO ] 2016-11-24 18:21:53,789 method:org.apache.zookeeper.Environment.logEnv(Environment.java:100)
Client environment:os.version=6.1


[INFO ] 2016-11-24 18:21:53,789 method:org.apache.zookeeper.Environment.logEnv(Environment.java:100)
Client environment:user.name=Administrator


[INFO ] 2016-11-24 18:21:53,790 method:org.apache.zookeeper.Environment.logEnv(Environment.java:100)
Client environment:user.home=C:\Users\Administrator


[INFO ] 2016-11-24 18:21:53,790 method:org.apache.zookeeper.Environment.logEnv(Environment.java:100)
Client environment:user.dir=D:\workspaces-itcast\JavaEE32\e3-search-web


[INFO ] 2016-11-24 18:21:53,791 method:org.apache.zookeeper.ZooKeeper.<init>(ZooKeeper.java:438)
Initiating client connection, connectString=192.168.25.160:2181 sessionTimeout=30000 watcher=org.I0Itec.zkclient.ZkClient@9a25c5


[INFO ] 2016-11-24 18:21:53,819 method:org.apache.zookeeper.ClientCnxn$SendThread.logStartConnect(ClientCnxn.java:1032)
Opening socket connection to server 192.168.25.160/192.168.25.160:2181. Will not attempt to authenticate using SASL (unknown error)


[INFO ] 2016-11-24 18:21:53,820 method:org.apache.zookeeper.ClientCnxn$SendThread.primeConnection(ClientCnxn.java:876)
Socket connection established to 192.168.25.160/192.168.25.160:2181, initiating session


[INFO ] 2016-11-24 18:21:53,860 method:org.apache.zookeeper.ClientCnxn$SendThread.onConnected(ClientCnxn.java:1299)
Session establishment complete on server 192.168.25.160/192.168.25.160:2181, sessionid = 0x1589564e127000d, negotiated timeout = 30000


[INFO ] 2016-11-24 18:21:53,861 method:org.I0Itec.zkclient.ZkClient.processStateChanged(ZkClient.java:449)
zookeeper state changed (SyncConnected)


[INFO ] 2016-11-24 18:21:53,890 method:com.alibaba.dubbo.registry.support.AbstractRegistry.register(AbstractRegistry.java:302)
 [DUBBO] Register: consumer://10.254.7.182/cn.e3mall.search.service.SearchService?application=e3-search-web&category=consumers&check=false&dubbo=2.5.3&interface=cn.e3mall.search.service.SearchService&methods=search&pid=10100&revision=0.0.1-SNAPSHOT&side=consumer&timestamp=1479982913670, dubbo version: 2.5.3, current host: 10.254.7.182


[INFO ] 2016-11-24 18:21:53,913 method:com.alibaba.dubbo.registry.support.AbstractRegistry.subscribe(AbstractRegistry.java:325)
 [DUBBO] Subscribe: consumer://10.254.7.182/cn.e3mall.search.service.SearchService?application=e3-search-web&category=providers,configurators,routers&dubbo=2.5.3&interface=cn.e3mall.search.service.SearchService&methods=search&pid=10100&revision=0.0.1-SNAPSHOT&side=consumer&timestamp=1479982913670, dubbo version: 2.5.3, current host: 10.254.7.182


[INFO ] 2016-11-24 18:21:53,937 method:com.alibaba.dubbo.registry.support.AbstractRegistry.notify(AbstractRegistry.java:422)
 [DUBBO] Notify urls for subscribe url consumer://10.254.7.182/cn.e3mall.search.service.SearchService?application=e3-search-web&category=providers,configurators,routers&dubbo=2.5.3&interface=cn.e3mall.search.service.SearchService&methods=search&pid=10100&revision=0.0.1-SNAPSHOT&side=consumer&timestamp=1479982913670, urls: [dubbo://10.254.7.182:20882/cn.e3mall.search.service.SearchService?anyhost=true&application=e3-search&dubbo=2.5.3&interface=cn.e3mall.search.service.SearchService&methods=search&pid=10064&side=provider&timeout=600000&timestamp=1479982676280, empty://10.254.7.182/cn.e3mall.search.service.SearchService?application=e3-search-web&category=configurators&dubbo=2.5.3&interface=cn.e3mall.search.service.SearchService&methods=search&pid=10100&revision=0.0.1-SNAPSHOT&side=consumer&timestamp=1479982913670, empty://10.254.7.182/cn.e3mall.search.service.SearchService?application=e3-search-web&category=routers&dubbo=2.5.3&interface=cn.e3mall.search.service.SearchService&methods=search&pid=10100&revision=0.0.1-SNAPSHOT&side=consumer&timestamp=1479982913670], dubbo version: 2.5.3, current host: 10.254.7.182


[INFO ] 2016-11-24 18:21:54,114 method:com.alibaba.dubbo.remoting.transport.AbstractClient.connect(AbstractClient.java:287)
 [DUBBO] Successed connect to server /10.254.7.182:20882 from NettyClient 10.254.7.182 using dubbo version 2.5.3, channel is NettyChannel [channel=[id: 0x3a7ce3f8, /10.254.7.182:54215 => /10.254.7.182:20882]], dubbo version: 2.5.3, current host: 10.254.7.182


[INFO ] 2016-11-24 18:21:54,115 method:com.alibaba.dubbo.remoting.transport.AbstractClient.<init>(AbstractClient.java:105)
 [DUBBO] Start NettyClient PC-201311301552/10.254.7.182 connect to the server /10.254.7.182:20882, dubbo version: 2.5.3, current host: 10.254.7.182


[INFO ] 2016-11-24 18:21:54,173 method:com.alibaba.dubbo.config.ReferenceConfig.createProxy(ReferenceConfig.java:423)
 [DUBBO] Refer dubbo service cn.e3mall.search.service.SearchService from url zookeeper://192.168.25.160:2181/com.alibaba.dubbo.registry.RegistryService?anyhost=true&application=e3-search-web&check=false&dubbo=2.5.3&interface=cn.e3mall.search.service.SearchService&methods=search&pid=10100&revision=0.0.1-SNAPSHOT&side=consumer&timeout=600000&timestamp=1479982913670, dubbo version: 2.5.3, current host: 10.254.7.182


[INFO ] 2016-11-24 18:21:54,312 method:org.springframework.web.servlet.handler.AbstractHandlerMethodMapping$MappingRegistry.register(AbstractHandlerMethodMapping.java:527)
Mapped "{[/search]}" onto public java.lang.String cn.e3mall.search.controller.SearchController.searchItemList(java.lang.String,java.lang.Integer,org.springframework.ui.Model) throws java.lang.Exception


[INFO ] 2016-11-24 18:21:54,742 method:org.springframework.web.servlet.mvc.method.annotation.RequestMappingHandlerAdapter.initControllerAdviceCache(RequestMappingHandlerAdapter.java:532)
Looking for @ControllerAdvice: WebApplicationContext for namespace 'e3-search-web-servlet': startup date [Thu Nov 24 18:21:52 CST 2016]; root of context hierarchy


[INFO ] 2016-11-24 18:21:54,783 method:org.springframework.web.servlet.mvc.method.annotation.RequestMappingHandlerAdapter.initControllerAdviceCache(RequestMappingHandlerAdapter.java:532)
Looking for @ControllerAdvice: WebApplicationContext for namespace 'e3-search-web-servlet': startup date [Thu Nov 24 18:21:52 CST 2016]; root of context hierarchy


[INFO ] 2016-11-24 18:21:54,898 method:org.springframework.web.servlet.FrameworkServlet.initServletBean(FrameworkServlet.java:508)
FrameworkServlet 'e3-search-web': initialization completed in 1960 ms


[INFO ] 2016-11-24 18:22:04,571 method:cn.e3mall.search.exception.GlobalExceptionResolver.resolveException(GlobalExceptionResolver.java:29)
系统发生异常了。。。。。。。


[ERROR] 2016-11-24 18:22:04,572 method:cn.e3mall.search.exception.GlobalExceptionResolver.resolveException(GlobalExceptionResolver.java:30)
系统发生异常
java.lang.ArithmeticException: / by zero
	at cn.e3mall.search.controller.SearchController.searchItemList(SearchController.java:42)
	at sun.reflect.NativeMethodAccessorImpl.invoke0(Native Method)
	at sun.reflect.NativeMethodAccessorImpl.invoke(NativeMethodAccessorImpl.java:57)
	at sun.reflect.DelegatingMethodAccessorImpl.invoke(DelegatingMethodAccessorImpl.java:43)
	at java.lang.reflect.Method.invoke(Method.java:606)
	at org.springframework.web.method.support.InvocableHandlerMethod.doInvoke(InvocableHandlerMethod.java:222)
	at org.springframework.web.method.support.InvocableHandlerMethod.invokeForRequest(InvocableHandlerMethod.java:137)
	at org.springframework.web.servlet.mvc.method.annotation.ServletInvocableHandlerMethod.invokeAndHandle(ServletInvocableHandlerMethod.java:110)
	at org.springframework.web.servlet.mvc.method.annotation.RequestMappingHandlerAdapter.invokeHandlerMethod(RequestMappingHandlerAdapter.java:814)
	at org.springframework.web.servlet.mvc.method.annotation.RequestMappingHandlerAdapter.handleInternal(RequestMappingHandlerAdapter.java:737)
	at org.springframework.web.servlet.mvc.method.AbstractHandlerMethodAdapter.handle(AbstractHandlerMethodAdapter.java:85)
	at org.springframework.web.servlet.DispatcherServlet.doDispatch(DispatcherServlet.java:959)
	at org.springframework.web.servlet.DispatcherServlet.doService(DispatcherServlet.java:893)
	at org.springframework.web.servlet.FrameworkServlet.processRequest(FrameworkServlet.java:969)
	at org.springframework.web.servlet.FrameworkServlet.doGet(FrameworkServlet.java:860)
	at javax.servlet.http.HttpServlet.service(HttpServlet.java:621)
	at org.springframework.web.servlet.FrameworkServlet.service(FrameworkServlet.java:845)
	at javax.servlet.http.HttpServlet.service(HttpServlet.java:728)
	at org.apache.catalina.core.ApplicationFilterChain.internalDoFilter(ApplicationFilterChain.java:305)
	at org.apache.catalina.core.ApplicationFilterChain.doFilter(ApplicationFilterChain.java:210)
	at org.apache.tomcat.websocket.server.WsFilter.doFilter(WsFilter.java:51)
	at org.apache.catalina.core.ApplicationFilterChain.internalDoFilter(ApplicationFilterChain.java:243)
	at org.apache.catalina.core.ApplicationFilterChain.doFilter(ApplicationFilterChain.java:210)
	at org.springframework.web.filter.CharacterEncodingFilter.doFilterInternal(CharacterEncodingFilter.java:121)
	at org.springframework.web.filter.OncePerRequestFilter.doFilter(OncePerRequestFilter.java:107)
	at org.apache.catalina.core.ApplicationFilterChain.internalDoFilter(ApplicationFilterChain.java:243)
	at org.apache.catalina.core.ApplicationFilterChain.doFilter(ApplicationFilterChain.java:210)
	at org.apache.catalina.core.StandardWrapperValve.invoke(StandardWrapperValve.java:222)
	at org.apache.catalina.core.StandardContextValve.invoke(StandardContextValve.java:123)
	at org.apache.catalina.authenticator.AuthenticatorBase.invoke(AuthenticatorBase.java:502)
	at org.apache.catalina.core.StandardHostValve.invoke(StandardHostValve.java:171)
	at org.apache.catalina.valves.ErrorReportValve.invoke(ErrorReportValve.java:100)
	at org.apache.catalina.valves.AccessLogValve.invoke(AccessLogValve.java:953)
	at org.apache.catalina.core.StandardEngineValve.invoke(StandardEngineValve.java:118)
	at org.apache.catalina.connector.CoyoteAdapter.service(CoyoteAdapter.java:408)
	at org.apache.coyote.http11.AbstractHttp11Processor.process(AbstractHttp11Processor.java:1041)
	at org.apache.coyote.AbstractProtocol$AbstractConnectionHandler.process(AbstractProtocol.java:603)
	at org.apache.tomcat.util.net.JIoEndpoint$SocketProcessor.run(JIoEndpoint.java:310)
	at java.util.concurrent.ThreadPoolExecutor.runWorker(ThreadPoolExecutor.java:1145)
	at java.util.concurrent.ThreadPoolExecutor$Worker.run(ThreadPoolExecutor.java:615)
	at java.lang.Thread.run(Thread.java:745)
